<?xml version="1.0" encoding="UTF-8"?>
<coverage generated="1776020938720" clover="3.2.0">
  <project timestamp="1776020938720" name="All files">
    <metrics statements="26" coveredstatements="26" conditionals="9" coveredconditionals="8" methods="8" coveredmethods="8" elements="43" coveredelements="42" complexity="0" loc="26" ncloc="26" packages="1" files="1" classes="1"/>
    <file name="load-balancer.ts" path="/Users/wangshihao/projects/openclaws/ai-workspace-orchestrator/src/services/load-balancer.ts">
      <metrics statements="26" coveredstatements="26" conditionals="9" coveredconditionals="8" methods="8" coveredmethods="8"/>
      <line num="24" count="2" type="stmt"/>
      <line num="28" count="44" type="cond" truecount="2" falsecount="0"/>
      <line num="29" count="43" type="stmt"/>
      <line num="37" count="1" type="stmt"/>
      <line num="38" count="1" type="stmt"/>
      <line num="39" count="1" type="stmt"/>
      <line num="45" count="4" type="stmt"/>
      <line num="73" count="738" type="cond" truecount="1" falsecount="0"/>
      <line num="75" count="736" type="stmt"/>
      <line num="76" count="1770" type="stmt"/>
      <line num="77" count="736" type="cond" truecount="0" falsecount="1"/>
      <line num="79" count="736" type="stmt"/>
      <line num="81" count="736" type="stmt"/>
      <line num="82" count="1770" type="stmt"/>
      <line num="83" count="1770" type="cond" truecount="3" falsecount="0"/>
      <line num="84" count="1229" type="stmt"/>
      <line num="88" count="736" type="stmt"/>
      <line num="89" count="736" type="stmt"/>
      <line num="94" count="8" type="stmt"/>
      <line num="95" count="12" type="stmt"/>
      <line num="96" count="12" type="cond" truecount="1" falsecount="0"/>
      <line num="98" count="11" type="stmt"/>
      <line num="99" count="11" type="stmt"/>
      <line num="100" count="11" type="stmt"/>
      <line num="107" count="34" type="stmt"/>
      <line num="116" count="2" type="stmt"/>
    </file>
  </project>
</coverage>
