{"/Users/wangshihao/projects/openclaws/ai-workspace-orchestrator/src/services/load-balancer.ts": {"path":"/Users/wangshihao/projects/openclaws/ai-workspace-orchestrator/src/services/load-balancer.ts","statementMap":{"0":{"start":{"line":24,"column":10},"end":{"line":24,"column":51}},"1":{"start":{"line":28,"column":4},"end":{"line":40,"column":5}},"2":{"start":{"line":29,"column":6},"end":{"line":34,"column":9}},"3":{"start":{"line":37,"column":20},"end":{"line":37,"column":47}},"4":{"start":{"line":38,"column":6},"end":{"line":38,"column":28}},"5":{"start":{"line":39,"column":6},"end":{"line":39,"column":37}},"6":{"start":{"line":45,"column":4},"end":{"line":45,"column":34}},"7":{"start":{"line":73,"column":4},"end":{"line":73,"column":45}},"8":{"start":{"line":73,"column":33},"end":{"line":73,"column":45}},"9":{"start":{"line":75,"column":20},"end":{"line":75,"column":53}},"10":{"start":{"line":76,"column":24},"end":{"line":76,"column":78}},"11":{"start":{"line":76,"column":51},"end":{"line":76,"column":74}},"12":{"start":{"line":77,"column":4},"end":{"line":77,"column":39}},"13":{"start":{"line":77,"column":27},"end":{"line":77,"column":39}},"14":{"start":{"line":79,"column":35},"end":{"line":79,"column":39}},"15":{"start":{"line":81,"column":4},"end":{"line":86,"column":5}},"16":{"start":{"line":82,"column":6},"end":{"line":82,"column":51}},"17":{"start":{"line":83,"column":6},"end":{"line":85,"column":7}},"18":{"start":{"line":84,"column":8},"end":{"line":84,"column":21}},"19":{"start":{"line":88,"column":4},"end":{"line":88,"column":39}},"20":{"start":{"line":89,"column":4},"end":{"line":89,"column":26}},"21":{"start":{"line":94,"column":4},"end":{"line":102,"column":5}},"22":{"start":{"line":95,"column":20},"end":{"line":95,"column":51}},"23":{"start":{"line":96,"column":6},"end":{"line":101,"column":7}},"24":{"start":{"line":98,"column":27},"end":{"line":98,"column":30}},"25":{"start":{"line":99,"column":26},"end":{"line":99,"column":85}},"26":{"start":{"line":100,"column":8},"end":{"line":100,"column":80}},"27":{"start":{"line":107,"column":4},"end":{"line":111,"column":8}},"28":{"start":{"line":107,"column":55},"end":{"line":111,"column":6}},"29":{"start":{"line":116,"column":13},"end":{"line":116,"column":47}}},"fnMap":{"0":{"name":"(anonymous_0)","decl":{"start":{"line":23,"column":0},"end":{"line":23,"column":6}},"loc":{"start":{"line":23,"column":0},"end":{"line":113,"column":1}}},"1":{"name":"(anonymous_1)","decl":{"start":{"line":27,"column":2},"end":{"line":27,"column":16}},"loc":{"start":{"line":27,"column":55},"end":{"line":41,"column":3}}},"2":{"name":"(anonymous_2)","decl":{"start":{"line":44,"column":2},"end":{"line":44,"column":18}},"loc":{"start":{"line":44,"column":35},"end":{"line":46,"column":3}}},"3":{"name":"(anonymous_3)","decl":{"start":{"line":72,"column":2},"end":{"line":72,"column":14}},"loc":{"start":{"line":72,"column":14},"end":{"line":90,"column":3}}},"4":{"name":"(anonymous_4)","decl":{"start":{"line":76,"column":39},"end":{"line":76,"column":40}},"loc":{"start":{"line":76,"column":51},"end":{"line":76,"column":74}}},"5":{"name":"(anonymous_5)","decl":{"start":{"line":93,"column":2},"end":{"line":93,"column":15}},"loc":{"start":{"line":93,"column":54},"end":{"line":103,"column":3}}},"6":{"name":"(anonymous_6)","decl":{"start":{"line":106,"column":2},"end":{"line":106,"column":15}},"loc":{"start":{"line":106,"column":15},"end":{"line":112,"column":3}}},"7":{"name":"(anonymous_7)","decl":{"start":{"line":107,"column":49},"end":{"line":107,"column":50}},"loc":{"start":{"line":107,"column":55},"end":{"line":111,"column":6}}}},"branchMap":{"0":{"loc":{"start":{"line":27,"column":35},"end":{"line":27,"column":55}},"type":"default-arg","locations":[{"start":{"line":27,"column":52},"end":{"line":27,"column":55}}]},"1":{"loc":{"start":{"line":28,"column":4},"end":{"line":40,"column":5}},"type":"if","locations":[{"start":{"line":28,"column":4},"end":{"line":40,"column":5}},{"start":{"line":35,"column":11},"end":{"line":40,"column":5}}]},"2":{"loc":{"start":{"line":73,"column":4},"end":{"line":73,"column":45}},"type":"if","locations":[{"start":{"line":73,"column":4},"end":{"line":73,"column":45}}]},"3":{"loc":{"start":{"line":77,"column":4},"end":{"line":77,"column":39}},"type":"if","locations":[{"start":{"line":77,"column":4},"end":{"line":77,"column":39}}]},"4":{"loc":{"start":{"line":83,"column":6},"end":{"line":85,"column":7}},"type":"if","locations":[{"start":{"line":83,"column":6},"end":{"line":85,"column":7}}]},"5":{"loc":{"start":{"line":83,"column":10},"end":{"line":83,"column":59}},"type":"binary-expr","locations":[{"start":{"line":83,"column":10},"end":{"line":83,"column":15}},{"start":{"line":83,"column":19},"end":{"line":83,"column":59}}]},"6":{"loc":{"start":{"line":96,"column":6},"end":{"line":101,"column":7}},"type":"if","locations":[{"start":{"line":96,"column":6},"end":{"line":101,"column":7}}]}},"s":{"0":2,"1":44,"2":43,"3":1,"4":1,"5":1,"6":4,"7":738,"8":2,"9":736,"10":736,"11":1770,"12":736,"13":0,"14":736,"15":736,"16":1770,"17":1770,"18":1229,"19":736,"20":736,"21":8,"22":12,"23":12,"24":11,"25":11,"26":11,"27":23,"28":34,"29":2},"f":{"0":2,"1":44,"2":4,"3":738,"4":1770,"5":8,"6":23,"7":34},"b":{"0":[2],"1":[43,1],"2":[2],"3":[0],"4":[1229],"5":[1770,1034],"6":[11]}}
}
