TN:
SF:../../projects/openclaws/ai-workspace-orchestrator/src/services/load-balancer.ts
FN:23,(anonymous_0)
FN:27,(anonymous_1)
FN:44,(anonymous_2)
FN:72,(anonymous_3)
FN:76,(anonymous_4)
FN:93,(anonymous_5)
FN:106,(anonymous_6)
FN:107,(anonymous_7)
FNF:8
FNH:8
FNDA:2,(anonymous_0)
FNDA:44,(anonymous_1)
FNDA:4,(anonymous_2)
FNDA:738,(anonymous_3)
FNDA:1770,(anonymous_4)
FNDA:8,(anonymous_5)
FNDA:23,(anonymous_6)
FNDA:34,(anonymous_7)
DA:24,2
DA:28,44
DA:29,43
DA:37,1
DA:38,1
DA:39,1
DA:45,4
DA:73,738
DA:75,736
DA:76,1770
DA:77,736
DA:79,736
DA:81,736
DA:82,1770
DA:83,1770
DA:84,1229
DA:88,736
DA:89,736
DA:94,8
DA:95,12
DA:96,12
DA:98,11
DA:99,11
DA:100,11
DA:107,34
DA:116,2
LF:26
LH:26
BRDA:27,0,0,2
BRDA:28,1,0,43
BRDA:28,1,1,1
BRDA:73,2,0,2
BRDA:77,3,0,0
BRDA:83,4,0,1229
BRDA:83,5,0,1770
BRDA:83,5,1,1034
BRDA:96,6,0,11
BRF:9
BRH:8
end_of_record
