TN:
SF:src/services/circuit-breaker.ts
FN:8,(anonymous_0)
FN:37,(anonymous_1)
FN:43,(anonymous_2)
FN:79,(anonymous_3)
FN:103,(anonymous_4)
FN:132,(anonymous_5)
FN:142,(anonymous_6)
FN:164,(anonymous_7)
FN:169,(anonymous_8)
FN:174,(anonymous_9)
FNF:10
FNH:10
FNDA:1,(anonymous_0)
FNDA:32,(anonymous_1)
FNDA:149,(anonymous_2)
FNDA:17,(anonymous_3)
FNDA:35,(anonymous_4)
FNDA:12,(anonymous_5)
FNDA:74,(anonymous_6)
FNDA:4,(anonymous_7)
FNDA:1,(anonymous_8)
FNDA:3,(anonymous_9)
DA:8,1
DA:9,1
DA:10,1
DA:11,1
DA:31,1
DA:35,32
DA:38,32
DA:39,32
DA:40,32
DA:44,149
DA:45,42
DA:53,149
DA:80,17
DA:82,17
DA:83,9
DA:86,8
DA:87,6
DA:88,6
DA:92,2
DA:93,1
DA:94,1
DA:95,1
DA:96,1
DA:99,1
DA:104,35
DA:133,12
DA:134,12
DA:135,12
DA:136,12
DA:137,12
DA:138,12
DA:143,74
DA:145,74
DA:147,1
DA:148,1
DA:149,1
DA:150,1
DA:151,1
DA:154,73
DA:155,73
DA:157,73
DA:158,17
DA:159,17
DA:165,4
DA:170,1
DA:175,3
DA:176,3
DA:177,3
DA:183,3
LF:49
LH:49
BRDA:8,0,0,1
BRDA:8,0,1,1
BRDA:37,1,0,28
BRDA:38,2,0,32
BRDA:38,2,1,30
BRDA:39,3,0,32
BRDA:39,3,1,30
BRDA:40,4,0,32
BRDA:40,4,1,30
BRDA:44,5,0,42
BRDA:82,6,0,9
BRDA:86,7,0,6
BRDA:92,8,0,1
BRDA:92,9,0,2
BRDA:92,9,1,2
BRDA:145,10,0,1
BRDA:157,11,0,17
BRF:17
BRH:17
end_of_record
TN:
SF:src/services/config-validator.ts
FN:42,validateConfig
FN:54,(anonymous_1)
FN:82,validateStep
FN:121,validateConfigWithReport
FNF:4
FNH:4
FNDA:17,validateConfig
FNDA:14,(anonymous_1)
FNDA:27,validateStep
FNDA:6,validateConfigWithReport
DA:42,1
DA:43,17
DA:46,17
DA:47,3
DA:50,17
DA:51,3
DA:54,14
DA:55,14
DA:56,14
DA:60,17
DA:61,4
DA:64,17
DA:65,4
DA:68,17
DA:69,2
DA:72,17
DA:82,1
DA:83,27
DA:85,27
DA:86,4
DA:87,4
DA:90,23
DA:92,23
DA:93,2
DA:96,23
DA:97,16
DA:100,23
DA:101,2
DA:104,23
DA:105,2
DA:108,23
DA:109,2
DA:112,23
DA:121,1
DA:122,6
DA:123,6
DA:124,6
DA:127,6
DA:128,1
DA:129,5
DA:130,2
DA:134,6
DA:135,6
DA:136,2
DA:138,6
DA:139,3
DA:143,6
LF:47
LH:47
BRDA:46,0,0,3
BRDA:46,1,0,17
BRDA:46,1,1,14
BRDA:46,1,2,14
BRDA:50,2,0,3
BRDA:50,2,1,14
BRDA:50,3,0,17
BRDA:50,3,1,16
BRDA:60,4,0,4
BRDA:60,5,0,17
BRDA:60,5,1,5
BRDA:60,5,2,4
BRDA:64,6,0,4
BRDA:64,7,0,17
BRDA:64,7,1,7
BRDA:64,7,2,6
BRDA:64,7,3,5
BRDA:68,8,0,2
BRDA:68,9,0,17
BRDA:68,9,1,3
BRDA:68,9,2,1
BRDA:85,10,0,4
BRDA:85,11,0,27
BRDA:85,11,1,25
BRDA:92,12,0,2
BRDA:92,13,0,23
BRDA:92,13,1,21
BRDA:92,13,2,21
BRDA:96,14,0,16
BRDA:96,15,0,23
BRDA:96,15,1,7
BRDA:96,15,2,7
BRDA:100,16,0,2
BRDA:100,17,0,23
BRDA:100,17,1,21
BRDA:100,17,2,21
BRDA:104,18,0,2
BRDA:104,19,0,23
BRDA:104,19,1,17
BRDA:108,20,0,2
BRDA:108,21,0,23
BRDA:108,21,1,3
BRDA:127,22,0,1
BRDA:127,22,1,5
BRDA:127,23,0,6
BRDA:127,23,1,5
BRDA:127,23,2,5
BRDA:129,24,0,2
BRDA:134,25,0,6
BRDA:134,26,0,6
BRDA:134,26,1,6
BRDA:135,27,0,2
BRDA:138,28,0,3
BRDA:138,29,0,6
BRDA:138,29,1,4
BRF:55
BRH:55
end_of_record
TN:
SF:src/services/event-bus.ts
FN:136,(anonymous_0)
FN:141,(anonymous_1)
FN:149,(anonymous_2)
FN:159,(anonymous_3)
FN:169,(anonymous_4)
FN:179,(anonymous_5)
FN:182,(anonymous_6)
FN:191,(anonymous_7)
FN:195,(anonymous_8)
FN:210,(anonymous_9)
FN:252,(anonymous_10)
FN:258,(anonymous_11)
FN:259,(anonymous_12)
FN:264,(anonymous_13)
FN:273,(anonymous_14)
FN:280,(anonymous_15)
FN:287,(anonymous_16)
FNF:17
FNH:16
FNDA:26,(anonymous_0)
FNDA:3,(anonymous_1)
FNDA:25,(anonymous_2)
FNDA:22,(anonymous_3)
FNDA:4,(anonymous_4)
FNDA:8,(anonymous_5)
FNDA:0,(anonymous_6)
FNDA:2,(anonymous_7)
FNDA:2,(anonymous_8)
FNDA:139,(anonymous_9)
FNDA:6,(anonymous_10)
FNDA:3,(anonymous_11)
FNDA:5,(anonymous_12)
FNDA:4,(anonymous_13)
FNDA:6,(anonymous_14)
FNDA:1,(anonymous_15)
FNDA:1,(anonymous_16)
DA:129,1
DA:130,26
DA:131,26
DA:132,26
DA:134,1
DA:137,26
DA:142,3
DA:143,2
DA:145,3
DA:150,25
DA:163,22
DA:164,15
DA:166,22
DA:168,22
DA:170,4
DA:180,8
DA:181,8
DA:183,0
DA:195,2
DA:196,2
DA:197,2
DA:200,2
DA:201,2
DA:211,139
DA:217,139
DA:218,139
DA:219,139
DA:220,115
DA:221,119
DA:222,119
DA:223,118
DA:231,139
DA:232,11
DA:233,11
DA:234,10
DA:241,139
DA:242,139
DA:243,53
DA:246,139
DA:253,6
DA:254,6
DA:259,5
DA:260,3
DA:265,4
DA:266,4
DA:267,3
DA:269,4
DA:274,6
DA:281,1
DA:282,1
DA:283,1
DA:288,1
LF:52
LH:51
BRDA:137,0,0,26
BRDA:137,0,1,2
BRDA:142,1,0,2
BRDA:163,2,0,15
BRDA:219,3,0,115
BRDA:242,4,0,53
BRDA:254,5,0,1
BRDA:254,5,1,5
BRDA:260,6,0,0
BRDA:260,6,1,3
BRF:10
BRH:9
end_of_record
TN:
SF:src/services/load-balancer.ts
FN:23,(anonymous_0)
FN:46,(anonymous_1)
FN:82,(anonymous_2)
FN:110,(anonymous_3)
FN:114,(anonymous_4)
FN:161,(anonymous_5)
FN:206,(anonymous_6)
FN:207,(anonymous_7)
FNF:8
FNH:7
FNDA:1,(anonymous_0)
FNDA:7,(anonymous_1)
FNDA:0,(anonymous_2)
FNDA:2,(anonymous_3)
FNDA:1,(anonymous_4)
FNDA:1,(anonymous_5)
FNDA:5,(anonymous_6)
FNDA:6,(anonymous_7)
DA:24,1
DA:48,7
DA:50,7
DA:51,7
DA:59,0
DA:60,0
DA:61,0
DA:83,0
DA:111,2
DA:113,1
DA:114,1
DA:115,1
DA:117,1
DA:119,1
DA:120,1
DA:121,1
DA:122,1
DA:126,1
DA:127,1
DA:162,1
DA:163,1
DA:164,1
DA:166,1
DA:167,1
DA:168,1
DA:169,1
DA:171,1
DA:172,1
DA:207,6
DA:217,1
LF:30
LH:26
BRDA:46,0,0,1
BRDA:50,1,0,7
BRDA:50,1,1,0
BRDA:111,2,0,1
BRDA:115,3,0,0
BRDA:121,4,0,1
BRDA:121,5,0,1
BRDA:121,5,1,0
BRDA:164,6,0,1
BRF:9
BRH:6
end_of_record
TN:
SF:src/services/rate-limiter.ts
FN:84,(anonymous_0)
FN:92,(anonymous_1)
FN:101,(anonymous_2)
FN:111,(anonymous_3)
FN:134,(anonymous_4)
FN:149,(anonymous_5)
FN:165,(anonymous_6)
FN:170,(anonymous_7)
FN:183,(anonymous_8)
FN:234,(anonymous_9)
FN:252,(anonymous_10)
FN:273,(anonymous_11)
FN:281,(anonymous_12)
FN:292,(anonymous_13)
FN:297,(anonymous_14)
FN:315,(anonymous_15)
FN:320,(anonymous_16)
FN:327,(anonymous_17)
FN:329,(anonymous_18)
FN:334,(anonymous_19)
FN:343,(anonymous_20)
FN:351,(anonymous_21)
FN:365,(anonymous_22)
FN:380,(anonymous_23)
FNF:24
FNH:0
FNDA:0,(anonymous_0)
FNDA:0,(anonymous_1)
FNDA:0,(anonymous_2)
FNDA:0,(anonymous_3)
FNDA:0,(anonymous_4)
FNDA:0,(anonymous_5)
FNDA:0,(anonymous_6)
FNDA:0,(anonymous_7)
FNDA:0,(anonymous_8)
FNDA:0,(anonymous_9)
FNDA:0,(anonymous_10)
FNDA:0,(anonymous_11)
FNDA:0,(anonymous_12)
FNDA:0,(anonymous_13)
FNDA:0,(anonymous_14)
FNDA:0,(anonymous_15)
FNDA:0,(anonymous_16)
FNDA:0,(anonymous_17)
FNDA:0,(anonymous_18)
FNDA:0,(anonymous_19)
FNDA:0,(anonymous_20)
FNDA:0,(anonymous_21)
FNDA:0,(anonymous_22)
FNDA:0,(anonymous_23)
DA:85,0
DA:86,0
DA:87,0
DA:88,0
DA:93,0
DA:94,0
DA:95,0
DA:96,0
DA:97,0
DA:102,0
DA:103,0
DA:104,0
DA:105,0
DA:107,0
DA:112,0
DA:113,0
DA:114,0
DA:115,0
DA:121,0
DA:127,0
DA:129,0
DA:131,0
DA:132,0
DA:135,0
DA:136,0
DA:137,0
DA:150,0
DA:151,0
DA:153,0
DA:154,0
DA:159,0
DA:160,0
DA:166,0
DA:171,0
DA:184,0
DA:187,0
DA:188,0
DA:196,0
DA:197,0
DA:198,0
DA:200,0
DA:201,0
DA:202,0
DA:203,0
DA:204,0
DA:206,0
DA:213,0
DA:214,0
DA:215,0
DA:216,0
DA:218,0
DA:220,0
DA:235,0
DA:236,0
DA:237,0
DA:240,0
DA:242,0
DA:243,0
DA:244,0
DA:245,0
DA:246,0
DA:247,0
DA:251,0
DA:252,0
DA:256,0
DA:257,0
DA:258,0
DA:259,0
DA:262,0
DA:274,0
DA:275,0
DA:276,0
DA:277,0
DA:282,0
DA:283,0
DA:284,0
DA:293,0
DA:298,0
DA:299,0
DA:300,0
DA:301,0
DA:306,0
DA:316,0
DA:321,0
DA:328,0
DA:329,0
DA:335,0
DA:336,0
DA:337,0
DA:338,0
DA:339,0
DA:344,0
DA:345,0
DA:346,0
DA:352,0
DA:353,0
DA:354,0
DA:355,0
DA:356,0
DA:357,0
DA:359,0
DA:360,0
DA:366,0
DA:381,0
DA:383,0
LF:105
LH:0
BRDA:87,0,0,0
BRDA:87,0,1,0
BRDA:101,1,0,0
BRDA:103,2,0,0
BRDA:111,3,0,0
BRDA:113,4,0,0
BRDA:135,5,0,0
BRDA:135,5,1,0
BRDA:136,6,0,0
BRDA:136,6,1,0
BRDA:138,7,0,0
BRDA:138,7,1,0
BRDA:139,8,0,0
BRDA:139,8,1,0
BRDA:151,9,0,0
BRDA:151,9,1,0
BRDA:166,10,0,0
BRDA:166,10,1,0
BRDA:183,11,0,0
BRDA:187,12,0,0
BRDA:200,13,0,0
BRDA:200,13,1,0
BRDA:234,14,0,0
BRDA:234,15,0,0
BRDA:236,16,0,0
BRDA:244,17,0,0
BRDA:257,18,0,0
BRDA:275,19,0,0
BRDA:283,20,0,0
BRDA:293,21,0,0
BRDA:293,21,1,0
BRDA:303,22,0,0
BRDA:303,22,1,0
BRDA:327,23,0,0
BRDA:336,24,0,0
BRDA:371,25,0,0
BRDA:371,25,1,0
BRDA:381,26,0,0
BRDA:381,27,0,0
BRDA:381,27,1,0
BRF:40
BRH:0
end_of_record
TN:
SF:src/services/sliding-window-limiter.ts
FN:17,(anonymous_0)
FN:45,(anonymous_1)
FN:49,(anonymous_2)
FN:56,(anonymous_3)
FN:58,(anonymous_4)
FN:62,(anonymous_5)
FNF:6
FNH:0
FNDA:0,(anonymous_0)
FNDA:0,(anonymous_1)
FNDA:0,(anonymous_2)
FNDA:0,(anonymous_3)
FNDA:0,(anonymous_4)
FNDA:0,(anonymous_5)
DA:15,0
DA:16,0
DA:17,0
DA:46,0
DA:47,0
DA:49,0
DA:50,0
DA:51,0
DA:52,0
DA:57,0
DA:58,0
DA:62,0
LF:12
LH:0
BRDA:45,0,0,0
BRDA:50,1,0,0
BRF:2
BRH:0
end_of_record
TN:
SF:src/services/user-auth.ts
FN:84,generateId
FN:89,hashPassword
FN:94,encodeJWT
FN:104,decodeJWT
FN:135,(anonymous_4)
FN:140,(anonymous_5)
FN:148,(anonymous_6)
FN:162,(anonymous_7)
FN:210,(anonymous_8)
FN:264,(anonymous_9)
FN:274,(anonymous_10)
FN:284,(anonymous_11)
FN:298,(anonymous_12)
FNF:13
FNH:13
FNDA:12,generateId
FNDA:16,hashPassword
FNDA:3,encodeJWT
FNDA:4,decodeJWT
FNDA:17,(anonymous_4)
FNDA:20,(anonymous_5)
FNDA:17,(anonymous_6)
FNDA:14,(anonymous_7)
FNDA:5,(anonymous_8)
FNDA:4,(anonymous_9)
FNDA:2,(anonymous_10)
FNDA:2,(anonymous_11)
FNDA:3,(anonymous_12)
DA:20,1
DA:77,1
DA:78,1
DA:79,1
DA:85,12
DA:90,16
DA:95,3
DA:96,3
DA:97,3
DA:100,3
DA:105,4
DA:106,4
DA:108,2
DA:109,2
DA:113,2
DA:115,1
DA:116,1
DA:117,1
DA:120,1
DA:121,1
DA:123,0
DA:129,1
DA:131,17
DA:132,17
DA:136,17
DA:141,20
DA:142,17
DA:144,20
DA:149,17
DA:163,14
DA:166,14
DA:167,1
DA:171,13
DA:172,1
DA:176,12
DA:177,12
DA:179,12
DA:190,12
DA:191,12
DA:193,12
DA:211,5
DA:213,5
DA:214,5
DA:215,1
DA:218,4
DA:221,4
DA:222,0
DA:226,4
DA:227,4
DA:228,1
DA:232,3
DA:235,3
DA:236,3
DA:244,3
DA:246,3
DA:265,4
DA:275,2
DA:276,2
DA:277,1
DA:279,1
DA:280,1
DA:285,2
DA:286,2
DA:287,1
DA:288,1
DA:299,3
LF:66
LH:64
BRDA:106,0,0,2
BRDA:113,1,0,1
BRDA:116,2,0,0
BRDA:120,3,0,0
BRDA:136,4,0,17
BRDA:136,4,1,1
BRDA:141,5,0,17
BRDA:163,6,0,10
BRDA:166,7,0,1
BRDA:171,8,0,1
BRDA:214,9,0,1
BRDA:221,10,0,0
BRDA:227,11,0,1
BRDA:276,12,0,1
BRDA:286,13,0,1
BRF:15
BRH:12
end_of_record
TN:
SF:src/services/workflow-dependency-analyzer.ts
FN:42,(anonymous_0)
FN:44,(anonymous_1)
FN:56,(anonymous_2)
FN:91,(anonymous_3)
FN:104,(anonymous_4)
FN:136,(anonymous_5)
FN:139,(anonymous_6)
FN:156,(anonymous_7)
FN:181,(anonymous_8)
FN:194,(anonymous_9)
FN:198,(anonymous_10)
FN:210,(anonymous_11)
FN:211,(anonymous_12)
FN:218,(anonymous_13)
FN:228,(anonymous_14)
FN:238,(anonymous_15)
FN:244,(anonymous_16)
FNF:17
FNH:17
FNDA:5,(anonymous_0)
FNDA:10,(anonymous_1)
FNDA:1,(anonymous_2)
FNDA:9,(anonymous_3)
FNDA:18,(anonymous_4)
FNDA:8,(anonymous_5)
FNDA:20,(anonymous_6)
FNDA:20,(anonymous_7)
FNDA:5,(anonymous_8)
FNDA:5,(anonymous_9)
FNDA:9,(anonymous_10)
FNDA:9,(anonymous_11)
FNDA:1,(anonymous_12)
FNDA:5,(anonymous_13)
FNDA:8,(anonymous_14)
FNDA:6,(anonymous_15)
FNDA:5,(anonymous_16)
DA:37,1
DA:43,5
DA:44,10
DA:47,5
DA:48,5
DA:49,1
DA:53,5
DA:54,5
DA:55,1
DA:56,1
DA:61,5
DA:64,5
DA:65,5
DA:70,5
DA:72,5
DA:92,9
DA:93,9
DA:94,18
DA:97,9
DA:98,9
DA:99,18
DA:101,9
DA:102,9
DA:104,9
DA:105,18
DA:106,18
DA:108,18
DA:109,18
DA:110,14
DA:111,13
DA:112,13
DA:114,3
DA:115,3
DA:116,10
DA:117,3
DA:121,18
DA:122,18
DA:125,9
DA:126,18
DA:129,9
DA:137,8
DA:138,8
DA:139,20
DA:141,8
DA:142,20
DA:143,20
DA:146,8
DA:147,20
DA:148,14
DA:149,13
DA:150,13
DA:155,8
DA:156,20
DA:157,8
DA:159,8
DA:160,13
DA:161,13
DA:163,13
DA:164,13
DA:165,18
DA:166,11
DA:167,11
DA:168,11
DA:171,13
DA:176,8
DA:185,5
DA:186,5
DA:187,10
DA:188,8
DA:191,5
DA:195,5
DA:196,3
DA:197,3
DA:198,9
DA:200,3
DA:201,9
DA:202,7
DA:203,7
DA:204,7
DA:209,3
DA:210,9
DA:211,1
DA:222,5
DA:223,4
DA:226,3
DA:227,3
DA:228,8
DA:230,3
DA:231,6
DA:232,8
DA:237,3
DA:238,8
DA:239,8
DA:240,4
DA:242,4
DA:244,5
DA:249,3
LF:97
LH:97
BRDA:48,0,0,1
BRDA:54,1,0,1
BRDA:65,2,0,1
BRDA:94,3,0,18
BRDA:94,3,1,0
BRDA:108,4,0,18
BRDA:108,4,1,0
BRDA:110,5,0,1
BRDA:112,6,0,3
BRDA:112,6,1,10
BRDA:116,7,0,3
BRDA:126,8,0,15
BRDA:147,9,0,20
BRDA:147,9,1,0
BRDA:148,10,0,13
BRDA:150,11,0,13
BRDA:150,11,1,0
BRDA:156,12,0,20
BRDA:156,12,1,0
BRDA:165,13,0,18
BRDA:165,13,1,0
BRDA:166,14,0,11
BRDA:166,14,1,0
BRDA:168,15,0,9
BRDA:187,16,0,10
BRDA:187,16,1,0
BRDA:188,17,0,1
BRDA:195,18,0,2
BRDA:201,19,0,9
BRDA:201,19,1,0
BRDA:202,20,0,7
BRDA:210,21,0,9
BRDA:210,21,1,3
BRDA:222,22,0,1
BRDA:223,23,0,1
BRDA:231,24,0,6
BRDA:238,25,0,8
BRDA:238,25,1,0
BRDA:239,26,0,4
BRDA:239,26,1,4
BRDA:244,27,0,5
BRDA:244,27,1,0
BRF:42
BRH:31
end_of_record
TN:
SF:src/utils/environment-validator.ts
FN:26,validateEnvironmentVariables
FN:62,validateDatabaseEnvironment
FN:108,validateAIEnvironment
FNF:3
FNH:0
FNDA:0,validateEnvironmentVariables
FNDA:0,validateDatabaseEnvironment
FNDA:0,validateAIEnvironment
DA:26,0
DA:27,0
DA:28,0
DA:30,0
DA:31,0
DA:32,0
DA:36,0
DA:62,0
DA:63,0
DA:68,0
DA:70,0
DA:71,0
DA:72,0
DA:76,0
DA:108,0
DA:109,0
DA:114,0
DA:116,0
DA:117,0
DA:119,0
DA:120,0
DA:124,0
LF:22
LH:0
BRDA:31,0,0,0
BRDA:71,1,0,0
BRDA:117,2,0,0
BRF:3
BRH:0
end_of_record
TN:
SF:src/utils/parseWorkflowCommand.ts
FN:1,parseWorkflowCommand
FN:7,(anonymous_1)
FNF:2
FNH:0
FNDA:0,parseWorkflowCommand
FNDA:0,(anonymous_1)
DA:1,0
DA:6,0
DA:7,0
DA:8,0
LF:4
LH:0
BRDA:6,0,0,0
BRDA:6,0,1,0
BRDA:9,1,0,0
BRDA:9,1,1,0
BRF:4
BRH:0
end_of_record
TN:
SF:src/utils/task-orchestration.ts
FN:65,calculateTaskPriority
FN:144,getPriorityLevel
FN:202,sortTasksByPriority
FN:209,(anonymous_3)
FN:216,(anonymous_4)
FNF:5
FNH:0
FNDA:0,calculateTaskPriority
FNDA:0,getPriorityLevel
FNDA:0,sortTasksByPriority
FNDA:0,(anonymous_3)
FNDA:0,(anonymous_4)
DA:65,0
DA:71,0
DA:74,0
DA:75,0
DA:76,0
DA:79,0
DA:80,0
DA:81,0
DA:86,0
DA:90,0
DA:144,0
DA:145,0
DA:146,0
DA:147,0
DA:148,0
DA:202,0
DA:204,0
DA:205,0
DA:209,0
DA:210,0
DA:211,0
DA:216,0
LF:22
LH:0
BRDA:75,0,0,0
BRDA:79,1,0,0
BRDA:79,1,1,0
BRDA:80,2,0,0
BRDA:80,2,1,0
BRDA:81,3,0,0
BRDA:145,4,0,0
BRDA:146,5,0,0
BRDA:147,6,0,0
BRDA:204,7,0,0
BRDA:210,8,0,0
BRF:11
BRH:0
end_of_record
TN:
SF:src/utils/text-utility.ts
FN:37,cleanText
FN:79,truncateText
FN:132,isValidEmail
FN:179,extractActionVerbs
FN:182,(anonymous_4)
FN:235,capitalizeText
FN:244,generateTimestampId
FNF:7
FNH:0
FNDA:0,cleanText
FNDA:0,truncateText
FNDA:0,isValidEmail
FNDA:0,extractActionVerbs
FNDA:0,(anonymous_4)
FNDA:0,capitalizeText
FNDA:0,generateTimestampId
DA:37,0
DA:38,0
DA:79,0
DA:80,0
DA:81,0
DA:132,0
DA:133,0
DA:134,0
DA:179,0
DA:180,0
DA:181,0
DA:182,0
DA:235,0
DA:236,0
DA:237,0
DA:244,0
DA:245,0
LF:17
LH:0
BRDA:79,0,0,0
BRDA:80,1,0,0
BRDA:236,2,0,0
BRF:3
BRH:0
end_of_record
TN:
SF:src/utils/workflow-validator.ts
FN:10,validateWorkflow
FN:25,(anonymous_1)
FN:60,hasCircularDependencies
FN:65,(anonymous_3)
FN:69,(anonymous_4)
FN:77,hasCycle
FNF:6
FNH:0
FNDA:0,validateWorkflow
FNDA:0,(anonymous_1)
FNDA:0,hasCircularDependencies
FNDA:0,(anonymous_3)
FNDA:0,(anonymous_4)
FNDA:0,hasCycle
DA:10,0
DA:11,0
DA:13,0
DA:14,0
DA:15,0
DA:18,0
DA:19,0
DA:22,0
DA:23,0
DA:25,0
DA:26,0
DA:27,0
DA:28,0
DA:31,0
DA:32,0
DA:35,0
DA:36,0
DA:39,0
DA:40,0
DA:43,0
DA:44,0
DA:49,0
DA:60,0
DA:61,0
DA:62,0
DA:65,0
DA:66,0
DA:69,0
DA:70,0
DA:74,0
DA:75,0
DA:78,0
DA:79,0
DA:82,0
DA:83,0
DA:86,0
DA:87,0
DA:89,0
DA:90,0
DA:91,0
DA:95,0
DA:96,0
DA:99,0
DA:100,0
DA:101,0
DA:105,0
LF:46
LH:0
BRDA:13,0,0,0
BRDA:13,1,0,0
BRDA:13,1,1,0
BRDA:18,2,0,0
BRDA:18,3,0,0
BRDA:18,3,1,0
BRDA:18,3,2,0
BRDA:22,4,0,0
BRDA:22,4,1,0
BRDA:22,5,0,0
BRDA:22,5,1,0
BRDA:26,6,0,0
BRDA:26,7,0,0
BRDA:26,7,1,0
BRDA:31,8,0,0
BRDA:31,9,0,0
BRDA:31,9,1,0
BRDA:31,9,2,0
BRDA:35,10,0,0
BRDA:35,11,0,0
BRDA:35,11,1,0
BRDA:35,11,2,0
BRDA:39,12,0,0
BRDA:39,13,0,0
BRDA:39,13,1,0
BRDA:39,13,2,0
BRDA:43,14,0,0
BRDA:43,15,0,0
BRDA:43,15,1,0
BRDA:43,15,2,0
BRDA:61,16,0,0
BRDA:61,17,0,0
BRDA:61,17,1,0
BRDA:70,18,0,0
BRDA:70,18,1,0
BRDA:78,19,0,0
BRDA:82,20,0,0
BRDA:89,21,0,0
BRDA:89,21,1,0
BRDA:90,22,0,0
BRDA:100,23,0,0
BRF:41
BRH:0
end_of_record
